Using pre-set license
Built from '2021.1/china_unity/release' branch; Version is '2021.1.6f1c1 (672c12e81483) revision 6761490'; Using compiler version '192528614'; Build Type 'Release'
OS: 'Windows 10 Pro; OS build 19042.1052; Version 2009; 64bit' Language: 'zh' Physical Memory: 32693 MB
BatchMode: 1, IsHumanControllingUs: 0, StartBugReporterOnCrash: 0, Is64bit: 1, IsPro: 0

 COMMAND LINE ARGUMENTS:
C:\Program Files\Unity\Hub\Editor\2021.1.6f1c1\Editor\Unity.exe
-adb2
-batchMode
-noUpm
-name
AssetImportWorker0
-projectPath
D:/My Workspace/Unity Game/2D game/RPG demo
-logFile
Logs/AssetImportWorker0.log
-srvPort
54902
Successfully changed project path to: D:/My Workspace/Unity Game/2D game/RPG demo
D:/My Workspace/Unity Game/2D game/RPG demo
Using Asset Import Pipeline V2.
Refreshing native plugins compatible for Editor in 88.49 ms, found 2 plugins.
Preloading 0 native plugins for Editor in 0.00 ms.
Initialize engine version: 2021.1.6f1c1 (672c12e81483)
[Subsystems] Discovering subsystems at path C:/Program Files/Unity/Hub/Editor/2021.1.6f1c1/Editor/Data/Resources/UnitySubsystems
[Subsystems] Discovering subsystems at path D:/My Workspace/Unity Game/2D game/RPG demo/Assets
GfxDevice: creating device client; threaded=0; jobified=0
Direct3D:
    Version:  Direct3D 11.0 [level 11.1]
    Renderer: NVIDIA GeForce RTX 2060 (ID=0x1e89)
    Vendor:   NVIDIA
    VRAM:     5968 MB
    Driver:   27.21.14.5730
Initialize mono
Mono path[0] = 'C:/Program Files/Unity/Hub/Editor/2021.1.6f1c1/Editor/Data/Managed'
Mono path[1] = 'C:/Program Files/Unity/Hub/Editor/2021.1.6f1c1/Editor/Data/MonoBleedingEdge/lib/mono/unityjit'
Mono config path = 'C:/Program Files/Unity/Hub/Editor/2021.1.6f1c1/Editor/Data/MonoBleedingEdge/etc'
Using monoOptions --debugger-agent=transport=dt_socket,embedding=1,server=y,suspend=n,address=127.0.0.1:56452
Begin MonoManager ReloadAssembly
Registering precompiled unity dll's ...
Register platform support module: C:/Program Files/Unity/Hub/Editor/2021.1.6f1c1/Editor/Data/PlaybackEngines/WindowsStandaloneSupport/UnityEditor.WindowsStandalone.Extensions.dll
Registered in 0.001498 seconds.
Native extension for WindowsStandalone target not found
Refreshing native plugins compatible for Editor in 91.63 ms, found 2 plugins.
Preloading 0 native plugins for Editor in 0.00 ms.
Mono: successfully reloaded assembly
- Completed reload, in  0.832 seconds
Platform modules already initialized, skipping
Registering precompiled user dll's ...
Registered in 0.002194 seconds.
Begin MonoManager ReloadAssembly
Native extension for WindowsStandalone target not found
Refreshing native plugins compatible for Editor in 92.89 ms, found 2 plugins.
Preloading 0 native plugins for Editor in 0.00 ms.
Mono: successfully reloaded assembly
- Completed reload, in  0.969 seconds
Platform modules already initialized, skipping
========================================================================
Worker process is ready to serve import requests
Launched and connected shader compiler UnityShaderCompiler.exe after 0.05 seconds
Refreshing native plugins compatible for Editor in 0.76 ms, found 2 plugins.
Preloading 0 native plugins for Editor in 0.00 ms.
Unloading 4131 Unused Serialized files (Serialized files now loaded: 0)
System memory in use before: 150.4 MB.
System memory in use after: 150.6 MB.

Unloading 24 unused Assets to reduce memory usage. Loaded Objects now: 4590.
Total: 2.458100 ms (FindLiveObjects: 0.388800 ms CreateObjectMapping: 0.106000 ms MarkObjects: 1.902500 ms  DeleteObjects: 0.060000 ms)

========================================================================
Received Import Request.
  path: Assets/Prefabs/UI/SkillPointNum.prefab
  artifactKey: Guid(7733668202cb4504fbd5d496d2fd2198) Importer(815301076,1909f56bfc062723c751e8b465ee728b)
Start importing Assets/Prefabs/UI/SkillPointNum.prefab using Guid(7733668202cb4504fbd5d496d2fd2198) Importer(815301076,1909f56bfc062723c751e8b465ee728b)  -> (artifact id: '5a1114d7804316ea37e4e67c64fb3f5d') in 0.087881 seconds 
========================================================================
Received Import Request.
  Time since last request: 5.808707 seconds.
  path: Assets/Prefabs/UI/SkillPointNum.prefab
  artifactKey: Guid(7733668202cb4504fbd5d496d2fd2198) Importer(815301076,1909f56bfc062723c751e8b465ee728b)
Start importing Assets/Prefabs/UI/SkillPointNum.prefab using Guid(7733668202cb4504fbd5d496d2fd2198) Importer(815301076,1909f56bfc062723c751e8b465ee728b)  -> (artifact id: '678a1ed2f05df9eed78cb4a654793015') in 0.019146 seconds 
========================================================================
Received Import Request.
  Time since last request: 5.426179 seconds.
  path: Assets/Prefabs/UI/SkillPointNum.prefab
  artifactKey: Guid(7733668202cb4504fbd5d496d2fd2198) Importer(815301076,1909f56bfc062723c751e8b465ee728b)
Start importing Assets/Prefabs/UI/SkillPointNum.prefab using Guid(7733668202cb4504fbd5d496d2fd2198) Importer(815301076,1909f56bfc062723c751e8b465ee728b)  -> (artifact id: '5b8f027e391758574b2e4ac9ab3efb0e') in 0.017119 seconds 
========================================================================
Received Import Request.
  Time since last request: 3.617541 seconds.
  path: Assets/Prefabs/UI/SkillPointNum.prefab
  artifactKey: Guid(7733668202cb4504fbd5d496d2fd2198) Importer(815301076,1909f56bfc062723c751e8b465ee728b)
Start importing Assets/Prefabs/UI/SkillPointNum.prefab using Guid(7733668202cb4504fbd5d496d2fd2198) Importer(815301076,1909f56bfc062723c751e8b465ee728b)  -> (artifact id: '38d31d2accd6c9a8a657431462168947') in 0.018886 seconds 
========================================================================
Received Import Request.
  Time since last request: 4.626241 seconds.
  path: Assets/Prefabs/UI/SkillPointNum.prefab
  artifactKey: Guid(7733668202cb4504fbd5d496d2fd2198) Importer(815301076,1909f56bfc062723c751e8b465ee728b)
Start importing Assets/Prefabs/UI/SkillPointNum.prefab using Guid(7733668202cb4504fbd5d496d2fd2198) Importer(815301076,1909f56bfc062723c751e8b465ee728b)  -> (artifact id: 'cfb3d7ecad9c067140fa4c1928675f53') in 0.016976 seconds 
========================================================================
Received Import Request.
  Time since last request: 2.202790 seconds.
  path: Assets/Prefabs/UI/SkillPointNum.prefab
  artifactKey: Guid(7733668202cb4504fbd5d496d2fd2198) Importer(815301076,1909f56bfc062723c751e8b465ee728b)
Start importing Assets/Prefabs/UI/SkillPointNum.prefab using Guid(7733668202cb4504fbd5d496d2fd2198) Importer(815301076,1909f56bfc062723c751e8b465ee728b)  -> (artifact id: '96e7824b561c93c0acc3805c01e0684c') in 0.016835 seconds 
========================================================================
Received Import Request.
  Time since last request: 3.995523 seconds.
  path: Assets/Prefabs/UI/SkillPointNum.prefab
  artifactKey: Guid(7733668202cb4504fbd5d496d2fd2198) Importer(815301076,1909f56bfc062723c751e8b465ee728b)
Start importing Assets/Prefabs/UI/SkillPointNum.prefab using Guid(7733668202cb4504fbd5d496d2fd2198) Importer(815301076,1909f56bfc062723c751e8b465ee728b)  -> (artifact id: '581adbceb33496ce649b74c1b3c73f51') in 0.016918 seconds 
========================================================================
Received Import Request.
  Time since last request: 8.845539 seconds.
  path: Assets/Prefabs/UI/SkillPointNum.prefab
  artifactKey: Guid(7733668202cb4504fbd5d496d2fd2198) Importer(815301076,1909f56bfc062723c751e8b465ee728b)
Start importing Assets/Prefabs/UI/SkillPointNum.prefab using Guid(7733668202cb4504fbd5d496d2fd2198) Importer(815301076,1909f56bfc062723c751e8b465ee728b)  -> (artifact id: 'e66df348709962278562229bfee966e3') in 0.017908 seconds 
========================================================================
Received Import Request.
  Time since last request: 3.203069 seconds.
  path: Assets/Prefabs/UI/SkillPointNum.prefab
  artifactKey: Guid(7733668202cb4504fbd5d496d2fd2198) Importer(815301076,1909f56bfc062723c751e8b465ee728b)
Start importing Assets/Prefabs/UI/SkillPointNum.prefab using Guid(7733668202cb4504fbd5d496d2fd2198) Importer(815301076,1909f56bfc062723c751e8b465ee728b)  -> (artifact id: 'dade45e897a176f369c1086fc018fe46') in 0.017552 seconds 
========================================================================
Received Import Request.
  Time since last request: 1.579221 seconds.
  path: Assets/Prefabs/UI/SkillPointNum.prefab
  artifactKey: Guid(7733668202cb4504fbd5d496d2fd2198) Importer(815301076,1909f56bfc062723c751e8b465ee728b)
Start importing Assets/Prefabs/UI/SkillPointNum.prefab using Guid(7733668202cb4504fbd5d496d2fd2198) Importer(815301076,1909f56bfc062723c751e8b465ee728b)  -> (artifact id: '04a6b7e555f5fa72888d8e1eea42c5a3') in 0.017203 seconds 
========================================================================
Received Import Request.
  Time since last request: 5.026428 seconds.
  path: Assets/Prefabs/UI/SkillPointNum.prefab
  artifactKey: Guid(7733668202cb4504fbd5d496d2fd2198) Importer(815301076,1909f56bfc062723c751e8b465ee728b)
Start importing Assets/Prefabs/UI/SkillPointNum.prefab using Guid(7733668202cb4504fbd5d496d2fd2198) Importer(815301076,1909f56bfc062723c751e8b465ee728b)  -> (artifact id: 'a74ac0916408a0d739c303165b7f3617') in 0.017437 seconds 
========================================================================
Received Import Request.
  Time since last request: 5.009198 seconds.
  path: Assets/Prefabs/UI/SkillPointNum.prefab
  artifactKey: Guid(7733668202cb4504fbd5d496d2fd2198) Importer(815301076,1909f56bfc062723c751e8b465ee728b)
Start importing Assets/Prefabs/UI/SkillPointNum.prefab using Guid(7733668202cb4504fbd5d496d2fd2198) Importer(815301076,1909f56bfc062723c751e8b465ee728b)  -> (artifact id: 'ec6f9e6792751e6c8aec67220cde4e75') in 0.018070 seconds 
========================================================================
Received Import Request.
  Time since last request: 16.706896 seconds.
  path: Assets/Prefabs/UI/SkillPointNum.prefab
  artifactKey: Guid(7733668202cb4504fbd5d496d2fd2198) Importer(815301076,1909f56bfc062723c751e8b465ee728b)
Start importing Assets/Prefabs/UI/SkillPointNum.prefab using Guid(7733668202cb4504fbd5d496d2fd2198) Importer(815301076,1909f56bfc062723c751e8b465ee728b)  -> (artifact id: '6474db0293ff9245c1d56535def5100c') in 0.016842 seconds 
========================================================================
Received Import Request.
  Time since last request: 4.108343 seconds.
  path: Assets/Prefabs/UI/SkillPointNum.prefab
  artifactKey: Guid(7733668202cb4504fbd5d496d2fd2198) Importer(815301076,1909f56bfc062723c751e8b465ee728b)
Start importing Assets/Prefabs/UI/SkillPointNum.prefab using Guid(7733668202cb4504fbd5d496d2fd2198) Importer(815301076,1909f56bfc062723c751e8b465ee728b)  -> (artifact id: '1a49cbed3d0c6de189444640226eb935') in 0.017038 seconds 
========================================================================
Received Import Request.
  Time since last request: 2.509142 seconds.
  path: Assets/Prefabs/UI/SkillPointNum.prefab
  artifactKey: Guid(7733668202cb4504fbd5d496d2fd2198) Importer(815301076,1909f56bfc062723c751e8b465ee728b)
Start importing Assets/Prefabs/UI/SkillPointNum.prefab using Guid(7733668202cb4504fbd5d496d2fd2198) Importer(815301076,1909f56bfc062723c751e8b465ee728b)  -> (artifact id: 'ce891b72979e5e2111b063412674afff') in 0.017130 seconds 
========================================================================
Received Prepare
Registering precompiled user dll's ...
Registered in 0.002538 seconds.
Begin MonoManager ReloadAssembly
Native extension for WindowsStandalone target not found
Refreshing native plugins compatible for Editor in 0.73 ms, found 2 plugins.
Preloading 0 native plugins for Editor in 0.00 ms.
Mono: successfully reloaded assembly
- Completed reload, in  0.789 seconds
Platform modules already initialized, skipping
Refreshing native plugins compatible for Editor in 0.81 ms, found 2 plugins.
Preloading 0 native plugins for Editor in 0.00 ms.
Unloading 4110 Unused Serialized files (Serialized files now loaded: 0)
System memory in use before: 148.9 MB.
System memory in use after: 149.1 MB.

Unloading 13 unused Assets to reduce memory usage. Loaded Objects now: 4594.
Total: 2.354900 ms (FindLiveObjects: 0.383600 ms CreateObjectMapping: 0.118800 ms MarkObjects: 1.831800 ms  DeleteObjects: 0.019600 ms)

========================================================================
Received Prepare
Registering precompiled user dll's ...
Registered in 0.002721 seconds.
Begin MonoManager ReloadAssembly
Native extension for WindowsStandalone target not found
Refreshing native plugins compatible for Editor in 0.73 ms, found 2 plugins.
Preloading 0 native plugins for Editor in 0.00 ms.
Mono: successfully reloaded assembly
- Completed reload, in  0.806 seconds
Platform modules already initialized, skipping
Refreshing native plugins compatible for Editor in 0.78 ms, found 2 plugins.
Preloading 0 native plugins for Editor in 0.00 ms.
Unloading 4110 Unused Serialized files (Serialized files now loaded: 0)
System memory in use before: 148.9 MB.
System memory in use after: 149.2 MB.

Unloading 12 unused Assets to reduce memory usage. Loaded Objects now: 4598.
Total: 2.255000 ms (FindLiveObjects: 0.372700 ms CreateObjectMapping: 0.112800 ms MarkObjects: 1.754700 ms  DeleteObjects: 0.013900 ms)

========================================================================
Received Prepare
Registering precompiled user dll's ...
Registered in 0.002404 seconds.
Begin MonoManager ReloadAssembly
Native extension for WindowsStandalone target not found
Refreshing native plugins compatible for Editor in 0.75 ms, found 2 plugins.
Preloading 0 native plugins for Editor in 0.00 ms.
Mono: successfully reloaded assembly
- Completed reload, in  0.782 seconds
Platform modules already initialized, skipping
Refreshing native plugins compatible for Editor in 0.79 ms, found 2 plugins.
Preloading 0 native plugins for Editor in 0.00 ms.
Unloading 4110 Unused Serialized files (Serialized files now loaded: 0)
System memory in use before: 149.0 MB.
System memory in use after: 149.2 MB.

Unloading 12 unused Assets to reduce memory usage. Loaded Objects now: 4602.
Total: 2.348800 ms (FindLiveObjects: 0.426100 ms CreateObjectMapping: 0.117000 ms MarkObjects: 1.788600 ms  DeleteObjects: 0.015600 ms)

========================================================================
Received Prepare
Registering precompiled user dll's ...
Registered in 0.002585 seconds.
Begin MonoManager ReloadAssembly
Native extension for WindowsStandalone target not found
Refreshing native plugins compatible for Editor in 0.76 ms, found 2 plugins.
Preloading 0 native plugins for Editor in 0.00 ms.
Mono: successfully reloaded assembly
- Completed reload, in  0.808 seconds
Platform modules already initialized, skipping
Refreshing native plugins compatible for Editor in 0.80 ms, found 2 plugins.
Preloading 0 native plugins for Editor in 0.00 ms.
Unloading 4110 Unused Serialized files (Serialized files now loaded: 0)
System memory in use before: 149.0 MB.
System memory in use after: 149.2 MB.

Unloading 12 unused Assets to reduce memory usage. Loaded Objects now: 4606.
Total: 2.263700 ms (FindLiveObjects: 0.368600 ms CreateObjectMapping: 0.106800 ms MarkObjects: 1.772600 ms  DeleteObjects: 0.014800 ms)

========================================================================
Received Prepare
Registering precompiled user dll's ...
Registered in 0.002291 seconds.
Begin MonoManager ReloadAssembly
Native extension for WindowsStandalone target not found
Refreshing native plugins compatible for Editor in 0.75 ms, found 2 plugins.
Preloading 0 native plugins for Editor in 0.00 ms.
Mono: successfully reloaded assembly
- Completed reload, in  0.798 seconds
Platform modules already initialized, skipping
Refreshing native plugins compatible for Editor in 0.77 ms, found 2 plugins.
Preloading 0 native plugins for Editor in 0.00 ms.
Unloading 4110 Unused Serialized files (Serialized files now loaded: 0)
System memory in use before: 149.0 MB.
System memory in use after: 149.3 MB.

Unloading 12 unused Assets to reduce memory usage. Loaded Objects now: 4610.
Total: 2.294300 ms (FindLiveObjects: 0.383800 ms CreateObjectMapping: 0.105000 ms MarkObjects: 1.789200 ms  DeleteObjects: 0.015100 ms)

========================================================================
Received Prepare
Registering precompiled user dll's ...
Registered in 0.002412 seconds.
Begin MonoManager ReloadAssembly
Native extension for WindowsStandalone target not found
Refreshing native plugins compatible for Editor in 0.73 ms, found 2 plugins.
Preloading 0 native plugins for Editor in 0.00 ms.
Mono: successfully reloaded assembly
- Completed reload, in  0.779 seconds
Platform modules already initialized, skipping
Refreshing native plugins compatible for Editor in 0.82 ms, found 2 plugins.
Preloading 0 native plugins for Editor in 0.00 ms.
Unloading 4110 Unused Serialized files (Serialized files now loaded: 0)
System memory in use before: 149.0 MB.
System memory in use after: 149.3 MB.

Unloading 12 unused Assets to reduce memory usage. Loaded Objects now: 4614.
Total: 2.241100 ms (FindLiveObjects: 0.354900 ms CreateObjectMapping: 0.103000 ms MarkObjects: 1.767400 ms  DeleteObjects: 0.015000 ms)

========================================================================
Received Prepare
Registering precompiled user dll's ...
Registered in 0.002512 seconds.
Begin MonoManager ReloadAssembly
Native extension for WindowsStandalone target not found
Refreshing native plugins compatible for Editor in 0.75 ms, found 2 plugins.
Preloading 0 native plugins for Editor in 0.00 ms.
Mono: successfully reloaded assembly
- Completed reload, in  0.810 seconds
Platform modules already initialized, skipping
Refreshing native plugins compatible for Editor in 0.79 ms, found 2 plugins.
Preloading 0 native plugins for Editor in 0.00 ms.
Unloading 4110 Unused Serialized files (Serialized files now loaded: 0)
System memory in use before: 149.0 MB.
System memory in use after: 149.3 MB.

Unloading 12 unused Assets to reduce memory usage. Loaded Objects now: 4618.
Total: 2.241500 ms (FindLiveObjects: 0.341800 ms CreateObjectMapping: 0.103200 ms MarkObjects: 1.782100 ms  DeleteObjects: 0.013600 ms)

========================================================================
Received Prepare
Registering precompiled user dll's ...
Registered in 0.002478 seconds.
Begin MonoManager ReloadAssembly
Native extension for WindowsStandalone target not found
Refreshing native plugins compatible for Editor in 0.82 ms, found 2 plugins.
Preloading 0 native plugins for Editor in 0.00 ms.
Mono: successfully reloaded assembly
- Completed reload, in  0.796 seconds
Platform modules already initialized, skipping
Refreshing native plugins compatible for Editor in 0.75 ms, found 2 plugins.
Preloading 0 native plugins for Editor in 0.00 ms.
Unloading 4110 Unused Serialized files (Serialized files now loaded: 0)
System memory in use before: 149.0 MB.
System memory in use after: 149.3 MB.

Unloading 12 unused Assets to reduce memory usage. Loaded Objects now: 4622.
Total: 2.438900 ms (FindLiveObjects: 0.402300 ms CreateObjectMapping: 0.109300 ms MarkObjects: 1.910700 ms  DeleteObjects: 0.015300 ms)

========================================================================
Received Prepare
Registering precompiled user dll's ...
Registered in 0.002501 seconds.
Begin MonoManager ReloadAssembly
Native extension for WindowsStandalone target not found
Refreshing native plugins compatible for Editor in 0.78 ms, found 2 plugins.
Preloading 0 native plugins for Editor in 0.00 ms.
Mono: successfully reloaded assembly
- Completed reload, in  0.798 seconds
Platform modules already initialized, skipping
Refreshing native plugins compatible for Editor in 0.82 ms, found 2 plugins.
Preloading 0 native plugins for Editor in 0.00 ms.
Unloading 4110 Unused Serialized files (Serialized files now loaded: 0)
System memory in use before: 149.0 MB.
System memory in use after: 149.3 MB.

Unloading 12 unused Assets to reduce memory usage. Loaded Objects now: 4626.
Total: 2.287100 ms (FindLiveObjects: 0.388900 ms CreateObjectMapping: 0.105100 ms MarkObjects: 1.776500 ms  DeleteObjects: 0.015000 ms)

========================================================================
Received Prepare
Registering precompiled user dll's ...
Registered in 0.002507 seconds.
Begin MonoManager ReloadAssembly
Native extension for WindowsStandalone target not found
Refreshing native plugins compatible for Editor in 0.77 ms, found 2 plugins.
Preloading 0 native plugins for Editor in 0.00 ms.
Mono: successfully reloaded assembly
- Completed reload, in  0.789 seconds
Platform modules already initialized, skipping
Refreshing native plugins compatible for Editor in 0.76 ms, found 2 plugins.
Preloading 0 native plugins for Editor in 0.00 ms.
Unloading 4110 Unused Serialized files (Serialized files now loaded: 0)
System memory in use before: 149.0 MB.
System memory in use after: 149.3 MB.

Unloading 12 unused Assets to reduce memory usage. Loaded Objects now: 4630.
Total: 2.326400 ms (FindLiveObjects: 0.403100 ms CreateObjectMapping: 0.098300 ms MarkObjects: 1.807400 ms  DeleteObjects: 0.016000 ms)

========================================================================
Received Prepare
Registering precompiled user dll's ...
Registered in 0.002508 seconds.
Begin MonoManager ReloadAssembly
Native extension for WindowsStandalone target not found
Refreshing native plugins compatible for Editor in 0.76 ms, found 2 plugins.
Preloading 0 native plugins for Editor in 0.00 ms.
Mono: successfully reloaded assembly
- Completed reload, in  0.785 seconds
Platform modules already initialized, skipping
Refreshing native plugins compatible for Editor in 0.76 ms, found 2 plugins.
Preloading 0 native plugins for Editor in 0.00 ms.
Unloading 4110 Unused Serialized files (Serialized files now loaded: 0)
System memory in use before: 149.1 MB.
System memory in use after: 149.3 MB.

Unloading 12 unused Assets to reduce memory usage. Loaded Objects now: 4634.
Total: 2.260600 ms (FindLiveObjects: 0.377500 ms CreateObjectMapping: 0.102900 ms MarkObjects: 1.765700 ms  DeleteObjects: 0.013800 ms)

========================================================================
Received Prepare
Registering precompiled user dll's ...
Registered in 0.002584 seconds.
Begin MonoManager ReloadAssembly
Native extension for WindowsStandalone target not found
Refreshing native plugins compatible for Editor in 0.98 ms, found 2 plugins.
Preloading 0 native plugins for Editor in 0.00 ms.
Mono: successfully reloaded assembly
- Completed reload, in  0.804 seconds
Platform modules already initialized, skipping
Refreshing native plugins compatible for Editor in 0.87 ms, found 2 plugins.
Preloading 0 native plugins for Editor in 0.00 ms.
Unloading 4110 Unused Serialized files (Serialized files now loaded: 0)
System memory in use before: 149.1 MB.
System memory in use after: 149.3 MB.

Unloading 12 unused Assets to reduce memory usage. Loaded Objects now: 4638.
Total: 2.685100 ms (FindLiveObjects: 0.557400 ms CreateObjectMapping: 0.129500 ms MarkObjects: 1.982100 ms  DeleteObjects: 0.014800 ms)

========================================================================
Received Prepare
Registering precompiled user dll's ...
Registered in 0.002394 seconds.
Begin MonoManager ReloadAssembly
Native extension for WindowsStandalone target not found
Refreshing native plugins compatible for Editor in 0.83 ms, found 2 plugins.
Preloading 0 native plugins for Editor in 0.00 ms.
Mono: successfully reloaded assembly
- Completed reload, in  0.787 seconds
Platform modules already initialized, skipping
Refreshing native plugins compatible for Editor in 0.79 ms, found 2 plugins.
Preloading 0 native plugins for Editor in 0.00 ms.
Unloading 4110 Unused Serialized files (Serialized files now loaded: 0)
System memory in use before: 149.1 MB.
System memory in use after: 149.3 MB.

Unloading 12 unused Assets to reduce memory usage. Loaded Objects now: 4642.
Total: 2.314900 ms (FindLiveObjects: 0.387800 ms CreateObjectMapping: 0.113800 ms MarkObjects: 1.797100 ms  DeleteObjects: 0.015300 ms)

========================================================================
Received Prepare
Registering precompiled user dll's ...
Registered in 0.002510 seconds.
Begin MonoManager ReloadAssembly
Native extension for WindowsStandalone target not found
Refreshing native plugins compatible for Editor in 0.73 ms, found 2 plugins.
Preloading 0 native plugins for Editor in 0.00 ms.
Mono: successfully reloaded assembly
- Completed reload, in  0.793 seconds
Platform modules already initialized, skipping
Refreshing native plugins compatible for Editor in 0.74 ms, found 2 plugins.
Preloading 0 native plugins for Editor in 0.00 ms.
Unloading 4110 Unused Serialized files (Serialized files now loaded: 0)
System memory in use before: 149.1 MB.
System memory in use after: 149.3 MB.

Unloading 12 unused Assets to reduce memory usage. Loaded Objects now: 4646.
Total: 2.574500 ms (FindLiveObjects: 0.476200 ms CreateObjectMapping: 0.117800 ms MarkObjects: 1.961300 ms  DeleteObjects: 0.018000 ms)

========================================================================
Received Prepare
Registering precompiled user dll's ...
Registered in 0.002633 seconds.
Begin MonoManager ReloadAssembly
Native extension for WindowsStandalone target not found
Refreshing native plugins compatible for Editor in 0.75 ms, found 2 plugins.
Preloading 0 native plugins for Editor in 0.00 ms.
Mono: successfully reloaded assembly
- Completed reload, in  0.794 seconds
Platform modules already initialized, skipping
Refreshing native plugins compatible for Editor in 0.83 ms, found 2 plugins.
Preloading 0 native plugins for Editor in 0.00 ms.
Unloading 4110 Unused Serialized files (Serialized files now loaded: 0)
System memory in use before: 149.1 MB.
System memory in use after: 149.3 MB.

Unloading 12 unused Assets to reduce memory usage. Loaded Objects now: 4650.
Total: 2.509600 ms (FindLiveObjects: 0.481500 ms CreateObjectMapping: 0.110500 ms MarkObjects: 1.902200 ms  DeleteObjects: 0.014600 ms)

========================================================================
Received Prepare
Registering precompiled user dll's ...
Registered in 0.002547 seconds.
Begin MonoManager ReloadAssembly
Native extension for WindowsStandalone target not found
Refreshing native plugins compatible for Editor in 0.76 ms, found 2 plugins.
Preloading 0 native plugins for Editor in 0.00 ms.
Mono: successfully reloaded assembly
- Completed reload, in  0.799 seconds
Platform modules already initialized, skipping
Refreshing native plugins compatible for Editor in 0.81 ms, found 2 plugins.
Preloading 0 native plugins for Editor in 0.00 ms.
Unloading 4110 Unused Serialized files (Serialized files now loaded: 0)
System memory in use before: 149.1 MB.
System memory in use after: 149.3 MB.

Unloading 12 unused Assets to reduce memory usage. Loaded Objects now: 4654.
Total: 2.285800 ms (FindLiveObjects: 0.388400 ms CreateObjectMapping: 0.111400 ms MarkObjects: 1.771400 ms  DeleteObjects: 0.013600 ms)

========================================================================
Received Import Request.
  Time since last request: 880.438379 seconds.
  path: Assets/Scripts/Player/SkillManager.cs
  artifactKey: Guid(e5e8bae7dce791240b560270b88f33ba) Importer(815301076,1909f56bfc062723c751e8b465ee728b)
Start importing Assets/Scripts/Player/SkillManager.cs using Guid(e5e8bae7dce791240b560270b88f33ba) Importer(815301076,1909f56bfc062723c751e8b465ee728b)  -> (artifact id: '12e7b5648efc9ad9649460196f6373f4') in 0.013829 seconds 
========================================================================
Received Import Request.
  Time since last request: 6.962859 seconds.
  path: Assets/Scripts/Player/AttribManager.cs
  artifactKey: Guid(e5e8bae7dce791240b560270b88f33ba) Importer(815301076,1909f56bfc062723c751e8b465ee728b)
Start importing Assets/Scripts/Player/AttribManager.cs using Guid(e5e8bae7dce791240b560270b88f33ba) Importer(815301076,1909f56bfc062723c751e8b465ee728b)  -> (artifact id: 'ff70d088a560223cb3bd8b75f9e6d0c4') in 0.007510 seconds 
========================================================================
Received Prepare
Registering precompiled user dll's ...
Registered in 0.002575 seconds.
Begin MonoManager ReloadAssembly
Native extension for WindowsStandalone target not found
Refreshing native plugins compatible for Editor in 0.73 ms, found 2 plugins.
Preloading 0 native plugins for Editor in 0.00 ms.
Mono: successfully reloaded assembly
- Completed reload, in  0.806 seconds
Platform modules already initialized, skipping
Refreshing native plugins compatible for Editor in 0.87 ms, found 2 plugins.
Preloading 0 native plugins for Editor in 0.00 ms.
Unloading 4110 Unused Serialized files (Serialized files now loaded: 0)
System memory in use before: 149.1 MB.
System memory in use after: 149.4 MB.

Unloading 12 unused Assets to reduce memory usage. Loaded Objects now: 4658.
Total: 2.654300 ms (FindLiveObjects: 0.437600 ms CreateObjectMapping: 0.104900 ms MarkObjects: 2.095500 ms  DeleteObjects: 0.015200 ms)

========================================================================
Received Prepare
Registering precompiled user dll's ...
Registered in 0.002323 seconds.
Begin MonoManager ReloadAssembly
Native extension for WindowsStandalone target not found
Refreshing native plugins compatible for Editor in 0.74 ms, found 2 plugins.
Preloading 0 native plugins for Editor in 0.00 ms.
Mono: successfully reloaded assembly
- Completed reload, in  0.791 seconds
Platform modules already initialized, skipping
Refreshing native plugins compatible for Editor in 0.76 ms, found 2 plugins.
Preloading 0 native plugins for Editor in 0.00 ms.
Unloading 4110 Unused Serialized files (Serialized files now loaded: 0)
System memory in use before: 149.1 MB.
System memory in use after: 149.4 MB.

Unloading 12 unused Assets to reduce memory usage. Loaded Objects now: 4662.
Total: 2.289700 ms (FindLiveObjects: 0.375600 ms CreateObjectMapping: 0.115100 ms MarkObjects: 1.784200 ms  DeleteObjects: 0.014100 ms)

========================================================================
Received Import Request.
  Time since last request: 540.609178 seconds.
  path: Assets/Prefabs/UI/SkillContainer.prefab
  artifactKey: Guid(2eb6227a836b9204584e4997dd9755ac) Importer(815301076,1909f56bfc062723c751e8b465ee728b)
Start importing Assets/Prefabs/UI/SkillContainer.prefab using Guid(2eb6227a836b9204584e4997dd9755ac) Importer(815301076,1909f56bfc062723c751e8b465ee728b)  -> (artifact id: '2926fa245e7e878affa16320a84aa8b9') in 0.085101 seconds 
========================================================================
Received Import Request.
  Time since last request: 12.180165 seconds.
  path: Assets/Prefabs/UI/SkillContainer.prefab
  artifactKey: Guid(2eb6227a836b9204584e4997dd9755ac) Importer(815301076,1909f56bfc062723c751e8b465ee728b)
Start importing Assets/Prefabs/UI/SkillContainer.prefab using Guid(2eb6227a836b9204584e4997dd9755ac) Importer(815301076,1909f56bfc062723c751e8b465ee728b)  -> (artifact id: 'f676f4d16bb45c4f33846e7493576156') in 0.017274 seconds 
========================================================================
Received Import Request.
  Time since last request: 9.882308 seconds.
  path: Assets/Prefabs/UI/SkillContainer.prefab
  artifactKey: Guid(2eb6227a836b9204584e4997dd9755ac) Importer(815301076,1909f56bfc062723c751e8b465ee728b)
Start importing Assets/Prefabs/UI/SkillContainer.prefab using Guid(2eb6227a836b9204584e4997dd9755ac) Importer(815301076,1909f56bfc062723c751e8b465ee728b)  -> (artifact id: 'e39319974286e1731126fa4ef81a7fca') in 0.018301 seconds 
========================================================================
Received Import Request.
  Time since last request: 46.645803 seconds.
  path: Assets/Prefabs/UI/SkillContainer.prefab
  artifactKey: Guid(2eb6227a836b9204584e4997dd9755ac) Importer(815301076,1909f56bfc062723c751e8b465ee728b)
Start importing Assets/Prefabs/UI/SkillContainer.prefab using Guid(2eb6227a836b9204584e4997dd9755ac) Importer(815301076,1909f56bfc062723c751e8b465ee728b)  -> (artifact id: '8f98a8c08876bbd738f1fb10be11019a') in 0.017295 seconds 
========================================================================
Received Import Request.
  Time since last request: 45.699908 seconds.
  path: Assets/Prefabs/UI/SkillContainer.prefab
  artifactKey: Guid(2eb6227a836b9204584e4997dd9755ac) Importer(815301076,1909f56bfc062723c751e8b465ee728b)
Start importing Assets/Prefabs/UI/SkillContainer.prefab using Guid(2eb6227a836b9204584e4997dd9755ac) Importer(815301076,1909f56bfc062723c751e8b465ee728b)  -> (artifact id: '7eec508d091f68c633d574b75ce2a391') in 0.017568 seconds 
========================================================================
Received Import Request.
  Time since last request: 8.864521 seconds.
  path: Assets/Prefabs/UI/SkillContainer.prefab
  artifactKey: Guid(2eb6227a836b9204584e4997dd9755ac) Importer(815301076,1909f56bfc062723c751e8b465ee728b)
Start importing Assets/Prefabs/UI/SkillContainer.prefab using Guid(2eb6227a836b9204584e4997dd9755ac) Importer(815301076,1909f56bfc062723c751e8b465ee728b)  -> (artifact id: '88ac78218af614e62cac43f382207c98') in 0.018341 seconds 
========================================================================
Received Import Request.
  Time since last request: 126.610647 seconds.
  path: Assets/Prefabs/UI/BodySkill.prefab
  artifactKey: Guid(1eb16bf8686c2664683ebe8932e32b94) Importer(815301076,1909f56bfc062723c751e8b465ee728b)
Start importing Assets/Prefabs/UI/BodySkill.prefab using Guid(1eb16bf8686c2664683ebe8932e32b94) Importer(815301076,1909f56bfc062723c751e8b465ee728b)  -> (artifact id: '3f7579c840953def5dc7318fd93532c0') in 0.021536 seconds 
========================================================================
Received Import Request.
  Time since last request: 23.564342 seconds.
  path: Assets/Prefabs/UI/AttribSkillsContainer.prefab
  artifactKey: Guid(1eb16bf8686c2664683ebe8932e32b94) Importer(815301076,1909f56bfc062723c751e8b465ee728b)
Start importing Assets/Prefabs/UI/AttribSkillsContainer.prefab using Guid(1eb16bf8686c2664683ebe8932e32b94) Importer(815301076,1909f56bfc062723c751e8b465ee728b)  -> (artifact id: 'e54f8a263df56079395b1651253ac4dd') in 0.022200 seconds 
========================================================================
Received Import Request.
  Time since last request: 280.560499 seconds.
  path: Assets/Scenes/1_CharactorCreator.unity
  artifactKey: Guid(a3b3e6783cf04524cb91f2dae3ec77ab) Importer(815301076,1909f56bfc062723c751e8b465ee728b)
Start importing Assets/Scenes/1_CharactorCreator.unity using Guid(a3b3e6783cf04524cb91f2dae3ec77ab) Importer(815301076,1909f56bfc062723c751e8b465ee728b)  -> (artifact id: '449b878a9ceabf330952aa4e9b1d00d9') in 0.002410 seconds 
========================================================================
Received Import Request.
  Time since last request: 14.647657 seconds.
  path: Assets/Scenes/2_Skillpoints.unity
  artifactKey: Guid(6c8d29969a5f10044a9976bb094ac10d) Importer(815301076,1909f56bfc062723c751e8b465ee728b)
Start importing Assets/Scenes/2_Skillpoints.unity using Guid(6c8d29969a5f10044a9976bb094ac10d) Importer(815301076,1909f56bfc062723c751e8b465ee728b)  -> (artifact id: '4581fd1b49f0a8b22ed8403d3f4c594a') in 0.005256 seconds 
========================================================================
Received Import Request.
  Time since last request: 0.843421 seconds.
  path: Assets/Scenes/1_CharactorCreator.unity
  artifactKey: Guid(a3b3e6783cf04524cb91f2dae3ec77ab) Importer(815301076,1909f56bfc062723c751e8b465ee728b)
Start importing Assets/Scenes/1_CharactorCreator.unity using Guid(a3b3e6783cf04524cb91f2dae3ec77ab) Importer(815301076,1909f56bfc062723c751e8b465ee728b)  -> (artifact id: 'b9338ee895fc7172de8b9aa691d44a30') in 0.001811 seconds 
========================================================================
Received Prepare
Registering precompiled user dll's ...
Registered in 0.002436 seconds.
Begin MonoManager ReloadAssembly
Native extension for WindowsStandalone target not found
Refreshing native plugins compatible for Editor in 0.75 ms, found 2 plugins.
Preloading 0 native plugins for Editor in 0.00 ms.
Mono: successfully reloaded assembly
- Completed reload, in  0.785 seconds
Platform modules already initialized, skipping
Refreshing native plugins compatible for Editor in 0.75 ms, found 2 plugins.
Preloading 0 native plugins for Editor in 0.00 ms.
Unloading 4111 Unused Serialized files (Serialized files now loaded: 0)
System memory in use before: 149.2 MB.
System memory in use after: 149.5 MB.

Unloading 13 unused Assets to reduce memory usage. Loaded Objects now: 4667.
Total: 2.773900 ms (FindLiveObjects: 0.389300 ms CreateObjectMapping: 0.113700 ms MarkObjects: 2.243800 ms  DeleteObjects: 0.025500 ms)

========================================================================
Received Prepare
Registering precompiled user dll's ...
Registered in 0.002575 seconds.
Begin MonoManager ReloadAssembly
Native extension for WindowsStandalone target not found
Refreshing native plugins compatible for Editor in 1.16 ms, found 2 plugins.
Preloading 0 native plugins for Editor in 0.00 ms.
Mono: successfully reloaded assembly
- Completed reload, in  0.806 seconds
Platform modules already initialized, skipping
Refreshing native plugins compatible for Editor in 0.78 ms, found 2 plugins.
Preloading 0 native plugins for Editor in 0.00 ms.
Unloading 4111 Unused Serialized files (Serialized files now loaded: 0)
System memory in use before: 149.2 MB.
System memory in use after: 149.5 MB.

Unloading 12 unused Assets to reduce memory usage. Loaded Objects now: 4671.
Total: 2.416400 ms (FindLiveObjects: 0.449600 ms CreateObjectMapping: 0.103300 ms MarkObjects: 1.847200 ms  DeleteObjects: 0.015100 ms)

========================================================================
Received Prepare
Registering precompiled user dll's ...
Registered in 0.002488 seconds.
Begin MonoManager ReloadAssembly
Native extension for WindowsStandalone target not found
Refreshing native plugins compatible for Editor in 0.83 ms, found 2 plugins.
Preloading 0 native plugins for Editor in 0.00 ms.
Mono: successfully reloaded assembly
- Completed reload, in  0.804 seconds
Platform modules already initialized, skipping
Refreshing native plugins compatible for Editor in 1.01 ms, found 2 plugins.
Preloading 0 native plugins for Editor in 0.00 ms.
Unloading 4111 Unused Serialized files (Serialized files now loaded: 0)
System memory in use before: 149.2 MB.
System memory in use after: 149.5 MB.

Unloading 12 unused Assets to reduce memory usage. Loaded Objects now: 4675.
Total: 2.533600 ms (FindLiveObjects: 0.433900 ms CreateObjectMapping: 0.108000 ms MarkObjects: 1.973200 ms  DeleteObjects: 0.017000 ms)

========================================================================
Received Import Request.
  Time since last request: 1091.646395 seconds.
  path: Assets/Scenes/2_Skillpoints.unity
  artifactKey: Guid(6c8d29969a5f10044a9976bb094ac10d) Importer(815301076,1909f56bfc062723c751e8b465ee728b)
Start importing Assets/Scenes/2_Skillpoints.unity using Guid(6c8d29969a5f10044a9976bb094ac10d) Importer(815301076,1909f56bfc062723c751e8b465ee728b)  -> (artifact id: 'c275a648b2d11e89c11a170aec350481') in 0.018301 seconds 
========================================================================
Received Prepare
Registering precompiled user dll's ...
Registered in 0.002302 seconds.
Begin MonoManager ReloadAssembly
Native extension for WindowsStandalone target not found
Refreshing native plugins compatible for Editor in 0.75 ms, found 2 plugins.
Preloading 0 native plugins for Editor in 0.00 ms.
Mono: successfully reloaded assembly
- Completed reload, in  0.790 seconds
Platform modules already initialized, skipping
Refreshing native plugins compatible for Editor in 0.75 ms, found 2 plugins.
Preloading 0 native plugins for Editor in 0.00 ms.
Unloading 4111 Unused Serialized files (Serialized files now loaded: 0)
System memory in use before: 149.2 MB.
System memory in use after: 149.5 MB.

Unloading 12 unused Assets to reduce memory usage. Loaded Objects now: 4679.
Total: 2.284800 ms (FindLiveObjects: 0.371200 ms CreateObjectMapping: 0.102200 ms MarkObjects: 1.795200 ms  DeleteObjects: 0.015300 ms)

========================================================================
Received Prepare
Registering precompiled user dll's ...
Registered in 0.002596 seconds.
Begin MonoManager ReloadAssembly
Native extension for WindowsStandalone target not found
Refreshing native plugins compatible for Editor in 0.78 ms, found 2 plugins.
Preloading 0 native plugins for Editor in 0.00 ms.
Mono: successfully reloaded assembly
- Completed reload, in  0.827 seconds
Platform modules already initialized, skipping
Refreshing native plugins compatible for Editor in 0.86 ms, found 2 plugins.
Preloading 0 native plugins for Editor in 0.00 ms.
Unloading 4111 Unused Serialized files (Serialized files now loaded: 0)
System memory in use before: 149.2 MB.
System memory in use after: 149.5 MB.

Unloading 12 unused Assets to reduce memory usage. Loaded Objects now: 4683.
Total: 2.491900 ms (FindLiveObjects: 0.428900 ms CreateObjectMapping: 0.103800 ms MarkObjects: 1.943200 ms  DeleteObjects: 0.014600 ms)

========================================================================
Received Import Request.
  Time since last request: 598.572474 seconds.
  path: Assets/Scenes/3_Test.unity
  artifactKey: Guid(2cda990e2423bbf4892e6590ba056729) Importer(815301076,1909f56bfc062723c751e8b465ee728b)
Start importing Assets/Scenes/3_Test.unity using Guid(2cda990e2423bbf4892e6590ba056729) Importer(815301076,1909f56bfc062723c751e8b465ee728b)  -> (artifact id: '6e4c5dbe448c870ae80b12dcb4a851f6') in 0.018247 seconds 
========================================================================
Received Import Request.
  Time since last request: 12.460802 seconds.
  path: Assets/Scenes/4_Chapter1.unity
  artifactKey: Guid(46f07bfeb094dd04a9cda04418029829) Importer(815301076,1909f56bfc062723c751e8b465ee728b)
Start importing Assets/Scenes/4_Chapter1.unity using Guid(46f07bfeb094dd04a9cda04418029829) Importer(815301076,1909f56bfc062723c751e8b465ee728b)  -> (artifact id: 'c8fe4e60137db0bf59a475defdf869f7') in 0.005630 seconds 
========================================================================
Received Import Request.
  Time since last request: 29041.033664 seconds.
  path: Assets/Scenes/0_Start.unity
  artifactKey: Guid(9a9c6f7aeb4d5c54fa173e170cc9c235) Importer(815301076,1909f56bfc062723c751e8b465ee728b)
Start importing Assets/Scenes/0_Start.unity using Guid(9a9c6f7aeb4d5c54fa173e170cc9c235) Importer(815301076,1909f56bfc062723c751e8b465ee728b)  -> (artifact id: '4ff2e308a98309a5fd6438208656226b') in 0.005718 seconds 
========================================================================
Received Import Request.
  Time since last request: 59.983781 seconds.
  path: Assets/Scenes/4_Chapter1.unity
  artifactKey: Guid(46f07bfeb094dd04a9cda04418029829) Importer(815301076,1909f56bfc062723c751e8b465ee728b)
Start importing Assets/Scenes/4_Chapter1.unity using Guid(46f07bfeb094dd04a9cda04418029829) Importer(815301076,1909f56bfc062723c751e8b465ee728b)  -> (artifact id: '4b4ef7b8325d86624459bc645e2948a4') in 0.002025 seconds 
========================================================================
Received Import Request.
  Time since last request: 0.630317 seconds.
  path: Assets/Scenes/2_Skillpoints.unity
  artifactKey: Guid(6c8d29969a5f10044a9976bb094ac10d) Importer(815301076,1909f56bfc062723c751e8b465ee728b)
Start importing Assets/Scenes/2_Skillpoints.unity using Guid(6c8d29969a5f10044a9976bb094ac10d) Importer(815301076,1909f56bfc062723c751e8b465ee728b)  -> (artifact id: '9af448e232c3bc62d78c78d2c1d540bd') in 0.002015 seconds 
========================================================================
Received Prepare
Registering precompiled user dll's ...
Registered in 0.002354 seconds.
Begin MonoManager ReloadAssembly
Native extension for WindowsStandalone target not found
Refreshing native plugins compatible for Editor in 0.75 ms, found 2 plugins.
Preloading 0 native plugins for Editor in 0.00 ms.
Mono: successfully reloaded assembly
- Completed reload, in  0.777 seconds
Platform modules already initialized, skipping
Refreshing native plugins compatible for Editor in 0.77 ms, found 2 plugins.
Preloading 0 native plugins for Editor in 0.00 ms.
Unloading 4111 Unused Serialized files (Serialized files now loaded: 0)
System memory in use before: 149.3 MB.
System memory in use after: 149.5 MB.

Unloading 12 unused Assets to reduce memory usage. Loaded Objects now: 4687.
Total: 2.369500 ms (FindLiveObjects: 0.391700 ms CreateObjectMapping: 0.117300 ms MarkObjects: 1.845000 ms  DeleteObjects: 0.014600 ms)

========================================================================
Received Import Request.
  Time since last request: 2966.035287 seconds.
  path: Assets/Prefabs/UI/AttribSkillsContainer.prefab
  artifactKey: Guid(1eb16bf8686c2664683ebe8932e32b94) Importer(815301076,1909f56bfc062723c751e8b465ee728b)
Start importing Assets/Prefabs/UI/AttribSkillsContainer.prefab using Guid(1eb16bf8686c2664683ebe8932e32b94) Importer(815301076,1909f56bfc062723c751e8b465ee728b)  -> (artifact id: 'a1baae602bf4cd2fe5ae896a61ee1cca') in 0.067357 seconds 
========================================================================
Received Import Request.
  Time since last request: 0.000175 seconds.
  path: Assets/Prefabs/UI/SkillContainer.prefab
  artifactKey: Guid(2eb6227a836b9204584e4997dd9755ac) Importer(815301076,1909f56bfc062723c751e8b465ee728b)
Start importing Assets/Prefabs/UI/SkillContainer.prefab using Guid(2eb6227a836b9204584e4997dd9755ac) Importer(815301076,1909f56bfc062723c751e8b465ee728b)  -> (artifact id: 'c277d65a68ab761c6169cb6906855177') in 0.018801 seconds 
========================================================================
Received Import Request.
  Time since last request: 0.533932 seconds.
  path: Assets/Prefabs/UI/AttribSkillsContainer.prefab
  artifactKey: Guid(1eb16bf8686c2664683ebe8932e32b94) Importer(815301076,1909f56bfc062723c751e8b465ee728b)
Start importing Assets/Prefabs/UI/AttribSkillsContainer.prefab using Guid(1eb16bf8686c2664683ebe8932e32b94) Importer(815301076,1909f56bfc062723c751e8b465ee728b)  -> (artifact id: 'e0f0770595abea713c891b1b96ab33a7') in 0.016997 seconds 
========================================================================
Received Import Request.
  Time since last request: 0.000137 seconds.
  path: Assets/Prefabs/UI/SkillContainer.prefab
  artifactKey: Guid(2eb6227a836b9204584e4997dd9755ac) Importer(815301076,1909f56bfc062723c751e8b465ee728b)
Start importing Assets/Prefabs/UI/SkillContainer.prefab using Guid(2eb6227a836b9204584e4997dd9755ac) Importer(815301076,1909f56bfc062723c751e8b465ee728b)  -> (artifact id: 'c197a12b020d6c29da14034d947dce50') in 0.016957 seconds 
========================================================================
Received Import Request.
  Time since last request: 269.454279 seconds.
  path: Assets/Artwork/Atlas/Character Creator.png
  artifactKey: Guid(fcd6f629d389aa9428a5224842045260) Importer(815301076,1909f56bfc062723c751e8b465ee728b)
Start importing Assets/Artwork/Atlas/Character Creator.png using Guid(fcd6f629d389aa9428a5224842045260) Importer(815301076,1909f56bfc062723c751e8b465ee728b)  -> (artifact id: 'df72bf9528b726ab3cca2d3831caccd4') in 0.126438 seconds 
========================================================================
Received Import Request.
  Time since last request: 92.164644 seconds.
  path: Assets/Prefabs/UI/AttribSkillsContainer.prefab
  artifactKey: Guid(1eb16bf8686c2664683ebe8932e32b94) Importer(815301076,1909f56bfc062723c751e8b465ee728b)
Start importing Assets/Prefabs/UI/AttribSkillsContainer.prefab using Guid(1eb16bf8686c2664683ebe8932e32b94) Importer(815301076,1909f56bfc062723c751e8b465ee728b)  -> (artifact id: 'c8f486df4ab65239352a30b8153f0de7') in 0.017589 seconds 
========================================================================
Received Import Request.
  Time since last request: 0.000175 seconds.
  path: Assets/Prefabs/UI/SkillContainer.prefab
  artifactKey: Guid(2eb6227a836b9204584e4997dd9755ac) Importer(815301076,1909f56bfc062723c751e8b465ee728b)
Start importing Assets/Prefabs/UI/SkillContainer.prefab using Guid(2eb6227a836b9204584e4997dd9755ac) Importer(815301076,1909f56bfc062723c751e8b465ee728b)  -> (artifact id: '0aeecfc5f5a5f2713780dc2d60c71a95') in 0.016991 seconds 
========================================================================
Received Import Request.
  Time since last request: 12.971417 seconds.
  path: Assets/Prefabs/UI/AttribSkillsContainer.prefab
  artifactKey: Guid(1eb16bf8686c2664683ebe8932e32b94) Importer(815301076,1909f56bfc062723c751e8b465ee728b)
Start importing Assets/Prefabs/UI/AttribSkillsContainer.prefab using Guid(1eb16bf8686c2664683ebe8932e32b94) Importer(815301076,1909f56bfc062723c751e8b465ee728b)  -> (artifact id: '572bcc56a59bf596e736323c5c164485') in 0.019234 seconds 
========================================================================
Received Import Request.
  Time since last request: 0.000198 seconds.
  path: Assets/Prefabs/UI/SkillContainer.prefab
  artifactKey: Guid(2eb6227a836b9204584e4997dd9755ac) Importer(815301076,1909f56bfc062723c751e8b465ee728b)
Start importing Assets/Prefabs/UI/SkillContainer.prefab using Guid(2eb6227a836b9204584e4997dd9755ac) Importer(815301076,1909f56bfc062723c751e8b465ee728b)  -> (artifact id: 'da204a53004345cba0aca7c370ecfc6c') in 0.017655 seconds 
========================================================================
Received Import Request.
  Time since last request: 0.000145 seconds.
  path: Assets/Prefabs/UI/Skill Button.prefab
  artifactKey: Guid(0b13538ad2f1215498b8a98225984160) Importer(815301076,1909f56bfc062723c751e8b465ee728b)
Start importing Assets/Prefabs/UI/Skill Button.prefab using Guid(0b13538ad2f1215498b8a98225984160) Importer(815301076,1909f56bfc062723c751e8b465ee728b)  -> (artifact id: 'f444fec11e9c9ddd30fc3616f3a37d3f') in 0.019842 seconds 
========================================================================
Received Import Request.
  Time since last request: 7.025432 seconds.
  path: Assets/Prefabs/UI/AttribSkillsContainer.prefab
  artifactKey: Guid(1eb16bf8686c2664683ebe8932e32b94) Importer(815301076,1909f56bfc062723c751e8b465ee728b)
Start importing Assets/Prefabs/UI/AttribSkillsContainer.prefab using Guid(1eb16bf8686c2664683ebe8932e32b94) Importer(815301076,1909f56bfc062723c751e8b465ee728b)  -> (artifact id: '1a9e11a2d4efeb527e88c086947c15a9') in 0.019125 seconds 
========================================================================
Received Import Request.
  Time since last request: 0.000176 seconds.
  path: Assets/Prefabs/UI/SkillContainer.prefab
  artifactKey: Guid(2eb6227a836b9204584e4997dd9755ac) Importer(815301076,1909f56bfc062723c751e8b465ee728b)
Start importing Assets/Prefabs/UI/SkillContainer.prefab using Guid(2eb6227a836b9204584e4997dd9755ac) Importer(815301076,1909f56bfc062723c751e8b465ee728b)  -> (artifact id: 'f59ccf2441c8efad9e28110bcdc4cced') in 0.017732 seconds 
========================================================================
Received Import Request.
  Time since last request: 0.000148 seconds.
  path: Assets/Prefabs/UI/Skill Button.prefab
  artifactKey: Guid(0b13538ad2f1215498b8a98225984160) Importer(815301076,1909f56bfc062723c751e8b465ee728b)
Start importing Assets/Prefabs/UI/Skill Button.prefab using Guid(0b13538ad2f1215498b8a98225984160) Importer(815301076,1909f56bfc062723c751e8b465ee728b)  -> (artifact id: '5f2f9e057bf3f2eaf0c8d005f9b1ac7e') in 0.016600 seconds 
========================================================================
Received Import Request.
  Time since last request: 10.180826 seconds.
  path: Assets/Prefabs/UI/AttribSkillsContainer.prefab
  artifactKey: Guid(1eb16bf8686c2664683ebe8932e32b94) Importer(815301076,1909f56bfc062723c751e8b465ee728b)
Start importing Assets/Prefabs/UI/AttribSkillsContainer.prefab using Guid(1eb16bf8686c2664683ebe8932e32b94) Importer(815301076,1909f56bfc062723c751e8b465ee728b)  -> (artifact id: '7d0f95467f1295eca85e14d51f8f25a9') in 0.019003 seconds 
========================================================================
Received Import Request.
  Time since last request: 0.000148 seconds.
  path: Assets/Prefabs/UI/SkillContainer.prefab
  artifactKey: Guid(2eb6227a836b9204584e4997dd9755ac) Importer(815301076,1909f56bfc062723c751e8b465ee728b)
Start importing Assets/Prefabs/UI/SkillContainer.prefab using Guid(2eb6227a836b9204584e4997dd9755ac) Importer(815301076,1909f56bfc062723c751e8b465ee728b)  -> (artifact id: 'd75f7c93f10569a4003f43ba48b5c538') in 0.017400 seconds 
========================================================================
Received Import Request.
  Time since last request: 0.000115 seconds.
  path: Assets/Prefabs/UI/Skill Button.prefab
  artifactKey: Guid(0b13538ad2f1215498b8a98225984160) Importer(815301076,1909f56bfc062723c751e8b465ee728b)
Start importing Assets/Prefabs/UI/Skill Button.prefab using Guid(0b13538ad2f1215498b8a98225984160) Importer(815301076,1909f56bfc062723c751e8b465ee728b)  -> (artifact id: '0d8eda7d19f372d3ce6c13e9946024dc') in 0.017002 seconds 
========================================================================
Received Prepare
Registering precompiled user dll's ...
Registered in 0.002654 seconds.
Begin MonoManager ReloadAssembly
Native extension for WindowsStandalone target not found
Refreshing native plugins compatible for Editor in 0.74 ms, found 2 plugins.
Preloading 0 native plugins for Editor in 0.00 ms.
Mono: successfully reloaded assembly
- Completed reload, in  0.783 seconds
Platform modules already initialized, skipping
Refreshing native plugins compatible for Editor in 0.79 ms, found 2 plugins.
Preloading 0 native plugins for Editor in 0.00 ms.
Unloading 4112 Unused Serialized files (Serialized files now loaded: 0)
System memory in use before: 155.9 MB.
System memory in use after: 156.2 MB.

Unloading 14 unused Assets to reduce memory usage. Loaded Objects now: 4729.
Total: 2.297800 ms (FindLiveObjects: 0.356500 ms CreateObjectMapping: 0.102700 ms MarkObjects: 1.817400 ms  DeleteObjects: 0.020400 ms)

========================================================================
Received Prepare
Registering precompiled user dll's ...
Registered in 0.002656 seconds.
Begin MonoManager ReloadAssembly
Native extension for WindowsStandalone target not found
Refreshing native plugins compatible for Editor in 0.80 ms, found 2 plugins.
Preloading 0 native plugins for Editor in 0.00 ms.
Mono: successfully reloaded assembly
- Completed reload, in  0.794 seconds
Platform modules already initialized, skipping
Refreshing native plugins compatible for Editor in 0.77 ms, found 2 plugins.
Preloading 0 native plugins for Editor in 0.00 ms.
Unloading 4111 Unused Serialized files (Serialized files now loaded: 0)
System memory in use before: 155.9 MB.
System memory in use after: 156.1 MB.

Unloading 12 unused Assets to reduce memory usage. Loaded Objects now: 4733.
Total: 2.351200 ms (FindLiveObjects: 0.373300 ms CreateObjectMapping: 0.103000 ms MarkObjects: 1.859600 ms  DeleteObjects: 0.014400 ms)

========================================================================
Received Prepare
Registering precompiled user dll's ...
Registered in 0.002518 seconds.
Begin MonoManager ReloadAssembly
Native extension for WindowsStandalone target not found
Refreshing native plugins compatible for Editor in 0.74 ms, found 2 plugins.
Preloading 0 native plugins for Editor in 0.00 ms.
Mono: successfully reloaded assembly
- Completed reload, in  0.776 seconds
Platform modules already initialized, skipping
Refreshing native plugins compatible for Editor in 0.85 ms, found 2 plugins.
Preloading 0 native plugins for Editor in 0.00 ms.
Unloading 4111 Unused Serialized files (Serialized files now loaded: 0)
System memory in use before: 155.9 MB.
System memory in use after: 156.1 MB.

Unloading 12 unused Assets to reduce memory usage. Loaded Objects now: 4737.
Total: 2.272600 ms (FindLiveObjects: 0.386300 ms CreateObjectMapping: 0.102100 ms MarkObjects: 1.768800 ms  DeleteObjects: 0.014200 ms)

========================================================================
Received Prepare
Registering precompiled user dll's ...
Registered in 0.002350 seconds.
Begin MonoManager ReloadAssembly
Native extension for WindowsStandalone target not found
Refreshing native plugins compatible for Editor in 0.76 ms, found 2 plugins.
Preloading 0 native plugins for Editor in 0.00 ms.
Mono: successfully reloaded assembly
- Completed reload, in  0.776 seconds
Platform modules already initialized, skipping
Refreshing native plugins compatible for Editor in 0.77 ms, found 2 plugins.
Preloading 0 native plugins for Editor in 0.00 ms.
Unloading 4111 Unused Serialized files (Serialized files now loaded: 0)
System memory in use before: 155.9 MB.
System memory in use after: 156.1 MB.

Unloading 12 unused Assets to reduce memory usage. Loaded Objects now: 4741.
Total: 2.305500 ms (FindLiveObjects: 0.404900 ms CreateObjectMapping: 0.106200 ms MarkObjects: 1.778600 ms  DeleteObjects: 0.014800 ms)

========================================================================
Received Prepare
Registering precompiled user dll's ...
Registered in 0.002283 seconds.
Begin MonoManager ReloadAssembly
Native extension for WindowsStandalone target not found
Refreshing native plugins compatible for Editor in 0.76 ms, found 2 plugins.
Preloading 0 native plugins for Editor in 0.00 ms.
Mono: successfully reloaded assembly
- Completed reload, in  0.773 seconds
Platform modules already initialized, skipping
Refreshing native plugins compatible for Editor in 0.75 ms, found 2 plugins.
Preloading 0 native plugins for Editor in 0.00 ms.
Unloading 4111 Unused Serialized files (Serialized files now loaded: 0)
System memory in use before: 155.9 MB.
System memory in use after: 156.1 MB.

Unloading 12 unused Assets to reduce memory usage. Loaded Objects now: 4745.
Total: 2.338100 ms (FindLiveObjects: 0.406700 ms CreateObjectMapping: 0.119700 ms MarkObjects: 1.796400 ms  DeleteObjects: 0.014100 ms)

========================================================================
Received Prepare
Registering precompiled user dll's ...
Registered in 0.002609 seconds.
Begin MonoManager ReloadAssembly
Native extension for WindowsStandalone target not found
Refreshing native plugins compatible for Editor in 0.73 ms, found 2 plugins.
Preloading 0 native plugins for Editor in 0.00 ms.
Mono: successfully reloaded assembly
- Completed reload, in  0.777 seconds
Platform modules already initialized, skipping
Refreshing native plugins compatible for Editor in 0.75 ms, found 2 plugins.
Preloading 0 native plugins for Editor in 0.00 ms.
Unloading 4111 Unused Serialized files (Serialized files now loaded: 0)
System memory in use before: 155.9 MB.
System memory in use after: 156.1 MB.

Unloading 12 unused Assets to reduce memory usage. Loaded Objects now: 4749.
Total: 2.269600 ms (FindLiveObjects: 0.370400 ms CreateObjectMapping: 0.102700 ms MarkObjects: 1.781700 ms  DeleteObjects: 0.014100 ms)

========================================================================
Received Prepare
Registering precompiled user dll's ...
Registered in 0.002559 seconds.
Begin MonoManager ReloadAssembly
Native extension for WindowsStandalone target not found
Refreshing native plugins compatible for Editor in 0.74 ms, found 2 plugins.
Preloading 0 native plugins for Editor in 0.00 ms.
Mono: successfully reloaded assembly
- Completed reload, in  0.767 seconds
Platform modules already initialized, skipping
Refreshing native plugins compatible for Editor in 0.77 ms, found 2 plugins.
Preloading 0 native plugins for Editor in 0.00 ms.
Unloading 4111 Unused Serialized files (Serialized files now loaded: 0)
System memory in use before: 155.9 MB.
System memory in use after: 156.2 MB.

Unloading 12 unused Assets to reduce memory usage. Loaded Objects now: 4753.
Total: 2.348100 ms (FindLiveObjects: 0.402200 ms CreateObjectMapping: 0.117300 ms MarkObjects: 1.810800 ms  DeleteObjects: 0.016800 ms)

========================================================================
Received Prepare
Registering precompiled user dll's ...
Registered in 0.002354 seconds.
Begin MonoManager ReloadAssembly
Native extension for WindowsStandalone target not found
Refreshing native plugins compatible for Editor in 0.74 ms, found 2 plugins.
Preloading 0 native plugins for Editor in 0.00 ms.
Mono: successfully reloaded assembly
- Completed reload, in  0.784 seconds
Platform modules already initialized, skipping
Refreshing native plugins compatible for Editor in 0.78 ms, found 2 plugins.
Preloading 0 native plugins for Editor in 0.00 ms.
Unloading 4111 Unused Serialized files (Serialized files now loaded: 0)
System memory in use before: 155.9 MB.
System memory in use after: 156.2 MB.

Unloading 12 unused Assets to reduce memory usage. Loaded Objects now: 4757.
Total: 2.553000 ms (FindLiveObjects: 0.402700 ms CreateObjectMapping: 0.114800 ms MarkObjects: 2.020500 ms  DeleteObjects: 0.014300 ms)

========================================================================
Received Prepare
Registering precompiled user dll's ...
Registered in 0.002318 seconds.
Begin MonoManager ReloadAssembly
Native extension for WindowsStandalone target not found
Refreshing native plugins compatible for Editor in 0.79 ms, found 2 plugins.
Preloading 0 native plugins for Editor in 0.00 ms.
Mono: successfully reloaded assembly
- Completed reload, in  0.787 seconds
Platform modules already initialized, skipping
Refreshing native plugins compatible for Editor in 0.79 ms, found 2 plugins.
Preloading 0 native plugins for Editor in 0.00 ms.
Unloading 4111 Unused Serialized files (Serialized files now loaded: 0)
System memory in use before: 155.9 MB.
System memory in use after: 156.2 MB.

Unloading 12 unused Assets to reduce memory usage. Loaded Objects now: 4761.
Total: 2.380800 ms (FindLiveObjects: 0.399700 ms CreateObjectMapping: 0.119800 ms MarkObjects: 1.846800 ms  DeleteObjects: 0.013900 ms)

========================================================================
Received Prepare
Registering precompiled user dll's ...
Registered in 0.002330 seconds.
Begin MonoManager ReloadAssembly
Native extension for WindowsStandalone target not found
Refreshing native plugins compatible for Editor in 0.73 ms, found 2 plugins.
Preloading 0 native plugins for Editor in 0.00 ms.
Mono: successfully reloaded assembly
- Completed reload, in  0.775 seconds
Platform modules already initialized, skipping
Refreshing native plugins compatible for Editor in 0.75 ms, found 2 plugins.
Preloading 0 native plugins for Editor in 0.00 ms.
Unloading 4111 Unused Serialized files (Serialized files now loaded: 0)
System memory in use before: 155.9 MB.
System memory in use after: 156.2 MB.

Unloading 12 unused Assets to reduce memory usage. Loaded Objects now: 4765.
Total: 2.363000 ms (FindLiveObjects: 0.398900 ms CreateObjectMapping: 0.114100 ms MarkObjects: 1.833400 ms  DeleteObjects: 0.015300 ms)

========================================================================
Received Prepare
Registering precompiled user dll's ...
Registered in 0.237269 seconds.
Begin MonoManager ReloadAssembly
Native extension for WindowsStandalone target not found
Refreshing native plugins compatible for Editor in 0.74 ms, found 2 plugins.
Preloading 0 native plugins for Editor in 0.00 ms.
Mono: successfully reloaded assembly
- Completed reload, in  5.222 seconds
Platform modules already initialized, skipping
Refreshing native plugins compatible for Editor in 0.80 ms, found 2 plugins.
Preloading 0 native plugins for Editor in 0.00 ms.
Unloading 4111 Unused Serialized files (Serialized files now loaded: 0)
System memory in use before: 155.9 MB.
System memory in use after: 156.2 MB.

Unloading 12 unused Assets to reduce memory usage. Loaded Objects now: 4769.
Total: 2.700200 ms (FindLiveObjects: 0.662300 ms CreateObjectMapping: 0.095100 ms MarkObjects: 1.926300 ms  DeleteObjects: 0.015500 ms)

========================================================================
Received Prepare
Registering precompiled user dll's ...
Registered in 0.002630 seconds.
Begin MonoManager ReloadAssembly
Native extension for WindowsStandalone target not found
Refreshing native plugins compatible for Editor in 0.78 ms, found 2 plugins.
Preloading 0 native plugins for Editor in 0.00 ms.
Mono: successfully reloaded assembly
- Completed reload, in  0.848 seconds
Platform modules already initialized, skipping
Refreshing native plugins compatible for Editor in 0.86 ms, found 2 plugins.
Preloading 0 native plugins for Editor in 0.00 ms.
Unloading 4111 Unused Serialized files (Serialized files now loaded: 0)
System memory in use before: 156.0 MB.
System memory in use after: 156.2 MB.

Unloading 12 unused Assets to reduce memory usage. Loaded Objects now: 4773.
Total: 2.690700 ms (FindLiveObjects: 0.380000 ms CreateObjectMapping: 0.102300 ms MarkObjects: 2.185900 ms  DeleteObjects: 0.021500 ms)

========================================================================
Received Prepare
Registering precompiled user dll's ...
Registered in 0.002616 seconds.
Begin MonoManager ReloadAssembly
Native extension for WindowsStandalone target not found
Refreshing native plugins compatible for Editor in 0.75 ms, found 2 plugins.
Preloading 0 native plugins for Editor in 0.00 ms.
Mono: successfully reloaded assembly
- Completed reload, in  0.805 seconds
Platform modules already initialized, skipping
Refreshing native plugins compatible for Editor in 0.78 ms, found 2 plugins.
Preloading 0 native plugins for Editor in 0.00 ms.
Unloading 4111 Unused Serialized files (Serialized files now loaded: 0)
System memory in use before: 156.0 MB.
System memory in use after: 156.2 MB.

Unloading 12 unused Assets to reduce memory usage. Loaded Objects now: 4777.
Total: 2.958100 ms (FindLiveObjects: 0.442000 ms CreateObjectMapping: 0.112600 ms MarkObjects: 2.377500 ms  DeleteObjects: 0.024900 ms)

========================================================================
Received Prepare
Registering precompiled user dll's ...
Registered in 0.002519 seconds.
Begin MonoManager ReloadAssembly
Native extension for WindowsStandalone target not found
Refreshing native plugins compatible for Editor in 0.76 ms, found 2 plugins.
Preloading 0 native plugins for Editor in 0.00 ms.
Mono: successfully reloaded assembly
- Completed reload, in  0.785 seconds
Platform modules already initialized, skipping
Refreshing native plugins compatible for Editor in 0.82 ms, found 2 plugins.
Preloading 0 native plugins for Editor in 0.00 ms.
Unloading 4111 Unused Serialized files (Serialized files now loaded: 0)
System memory in use before: 156.0 MB.
System memory in use after: 156.2 MB.

Unloading 12 unused Assets to reduce memory usage. Loaded Objects now: 4781.
Total: 2.670700 ms (FindLiveObjects: 0.558800 ms CreateObjectMapping: 0.238500 ms MarkObjects: 1.856100 ms  DeleteObjects: 0.016600 ms)

========================================================================
Received Prepare
Registering precompiled user dll's ...
Registered in 0.002625 seconds.
Begin MonoManager ReloadAssembly
Native extension for WindowsStandalone target not found
Refreshing native plugins compatible for Editor in 0.77 ms, found 2 plugins.
Preloading 0 native plugins for Editor in 0.00 ms.
Mono: successfully reloaded assembly
- Completed reload, in  0.816 seconds
Platform modules already initialized, skipping
Refreshing native plugins compatible for Editor in 0.81 ms, found 2 plugins.
Preloading 0 native plugins for Editor in 0.00 ms.
Unloading 4111 Unused Serialized files (Serialized files now loaded: 0)
System memory in use before: 156.0 MB.
System memory in use after: 156.2 MB.

Unloading 12 unused Assets to reduce memory usage. Loaded Objects now: 4785.
Total: 2.726500 ms (FindLiveObjects: 0.401400 ms CreateObjectMapping: 0.105200 ms MarkObjects: 2.203200 ms  DeleteObjects: 0.015600 ms)

========================================================================
Received Import Request.
  Time since last request: 37638.011198 seconds.
  path: Assets/Scripts/Player/Attributes.cs
  artifactKey: Guid(3c8eb181108af1a48b6374221b4b1090) Importer(815301076,1909f56bfc062723c751e8b465ee728b)
Start importing Assets/Scripts/Player/Attributes.cs using Guid(3c8eb181108af1a48b6374221b4b1090) Importer(815301076,1909f56bfc062723c751e8b465ee728b)  -> (artifact id: 'a269395c0c731f8072aa188b7d200d72') in 0.011686 seconds 
========================================================================
Received Prepare
Registering precompiled user dll's ...
Registered in 0.002536 seconds.
Begin MonoManager ReloadAssembly
Native extension for WindowsStandalone target not found
Refreshing native plugins compatible for Editor in 0.79 ms, found 2 plugins.
Preloading 0 native plugins for Editor in 0.00 ms.
Mono: successfully reloaded assembly
- Completed reload, in  0.794 seconds
Platform modules already initialized, skipping
Refreshing native plugins compatible for Editor in 0.85 ms, found 2 plugins.
Preloading 0 native plugins for Editor in 0.00 ms.
Unloading 4112 Unused Serialized files (Serialized files now loaded: 0)
System memory in use before: 156.0 MB.
System memory in use after: 156.3 MB.

Unloading 12 unused Assets to reduce memory usage. Loaded Objects now: 4790.
Total: 2.374600 ms (FindLiveObjects: 0.432400 ms CreateObjectMapping: 0.112000 ms MarkObjects: 1.812300 ms  DeleteObjects: 0.016700 ms)

========================================================================
Received Import Request.
  Time since last request: 52.557279 seconds.
  path: Assets/Scripts/Player/Attributes.cs
  artifactKey: Guid(3c8eb181108af1a48b6374221b4b1090) Importer(815301076,1909f56bfc062723c751e8b465ee728b)
Start importing Assets/Scripts/Player/Attributes.cs using Guid(3c8eb181108af1a48b6374221b4b1090) Importer(815301076,1909f56bfc062723c751e8b465ee728b)  -> (artifact id: 'c5a5884ce15705c7818fdc0915c12049') in 0.005899 seconds 
========================================================================
Received Import Request.
  Time since last request: 14.448097 seconds.
  path: Assets/Scripts/Player/Skill.cs
  artifactKey: Guid(d2168ecbb9255354fa4d5f48e7bd5da7) Importer(815301076,1909f56bfc062723c751e8b465ee728b)
Start importing Assets/Scripts/Player/Skill.cs using Guid(d2168ecbb9255354fa4d5f48e7bd5da7) Importer(815301076,1909f56bfc062723c751e8b465ee728b)  -> (artifact id: '92fa8090b41206f60393690eef38cce4') in 0.005197 seconds 
========================================================================
Received Prepare
Registering precompiled user dll's ...
Registered in 0.002577 seconds.
Begin MonoManager ReloadAssembly
Native extension for WindowsStandalone target not found
Refreshing native plugins compatible for Editor in 0.75 ms, found 2 plugins.
Preloading 0 native plugins for Editor in 0.00 ms.
Mono: successfully reloaded assembly
- Completed reload, in  0.797 seconds
Platform modules already initialized, skipping
Refreshing native plugins compatible for Editor in 0.85 ms, found 2 plugins.
Preloading 0 native plugins for Editor in 0.00 ms.
Unloading 4113 Unused Serialized files (Serialized files now loaded: 0)
System memory in use before: 156.0 MB.
System memory in use after: 156.3 MB.

Unloading 12 unused Assets to reduce memory usage. Loaded Objects now: 4795.
Total: 2.323900 ms (FindLiveObjects: 0.390800 ms CreateObjectMapping: 0.102700 ms MarkObjects: 1.811800 ms  DeleteObjects: 0.017100 ms)

========================================================================
Received Import Request.
  Time since last request: 129.638701 seconds.
  path: Assets/Scripts/Player/Skill.cs
  artifactKey: Guid(d2168ecbb9255354fa4d5f48e7bd5da7) Importer(815301076,1909f56bfc062723c751e8b465ee728b)
Start importing Assets/Scripts/Player/Skill.cs using Guid(d2168ecbb9255354fa4d5f48e7bd5da7) Importer(815301076,1909f56bfc062723c751e8b465ee728b)  -> (artifact id: 'fe2e6afafcf28c274c9487ce0bfc0edb') in 0.006116 seconds 
========================================================================
Received Import Request.
  Time since last request: 178.589591 seconds.
  path: Assets/_GameStuff
  artifactKey: Guid(a863345527982894b8fb2ad66fdb9c1f) Importer(815301076,1909f56bfc062723c751e8b465ee728b)
Start importing Assets/_GameStuff using Guid(a863345527982894b8fb2ad66fdb9c1f) Importer(815301076,1909f56bfc062723c751e8b465ee728b)  -> (artifact id: '2e7199e6976482f90aa964e6fc87fd5d') in 0.005379 seconds 
========================================================================
Received Import Request.
  Time since last request: 3.434834 seconds.
  path: Assets/SkillManager.cs
  artifactKey: Guid(cc283f9bc589fad4880f34d7844272e3) Importer(815301076,1909f56bfc062723c751e8b465ee728b)
Start importing Assets/SkillManager.cs using Guid(cc283f9bc589fad4880f34d7844272e3) Importer(815301076,1909f56bfc062723c751e8b465ee728b)  -> (artifact id: '3ba0101f13f8f9a89a4a72b172e8d487') in 0.006449 seconds 
========================================================================
Received Import Request.
  Time since last request: 0.512137 seconds.
  path: Assets/CharacterCreator.cs
  artifactKey: Guid(f79e4d24c1e1b4f418e48dfd6d8138fa) Importer(815301076,1909f56bfc062723c751e8b465ee728b)
Start importing Assets/CharacterCreator.cs using Guid(f79e4d24c1e1b4f418e48dfd6d8138fa) Importer(815301076,1909f56bfc062723c751e8b465ee728b)  -> (artifact id: 'c9361c20d3ef472af72ca3f67a0b9da0') in 0.005268 seconds 
========================================================================
Received Prepare
Registering precompiled user dll's ...
Registered in 0.002476 seconds.
Begin MonoManager ReloadAssembly
Native extension for WindowsStandalone target not found
Refreshing native plugins compatible for Editor in 0.75 ms, found 2 plugins.
Preloading 0 native plugins for Editor in 0.00 ms.
Mono: successfully reloaded assembly
- Completed reload, in  0.789 seconds
Platform modules already initialized, skipping
Refreshing native plugins compatible for Editor in 0.79 ms, found 2 plugins.
Preloading 0 native plugins for Editor in 0.00 ms.
Unloading 4113 Unused Serialized files (Serialized files now loaded: 0)
System memory in use before: 156.0 MB.
System memory in use after: 156.3 MB.

Unloading 12 unused Assets to reduce memory usage. Loaded Objects now: 4799.
Total: 2.377600 ms (FindLiveObjects: 0.393000 ms CreateObjectMapping: 0.113100 ms MarkObjects: 1.856500 ms  DeleteObjects: 0.014000 ms)

========================================================================
Received Import Request.
  Time since last request: 21.492187 seconds.
  path: Assets/Scripts/UI/ButtonContainer.cs
  artifactKey: Guid(17e9a9541f174834585c60fcb08bbf1f) Importer(815301076,1909f56bfc062723c751e8b465ee728b)
Start importing Assets/Scripts/UI/ButtonContainer.cs using Guid(17e9a9541f174834585c60fcb08bbf1f) Importer(815301076,1909f56bfc062723c751e8b465ee728b)  -> (artifact id: '551d3f64aa546c26a4a6cfeb38d7243f') in 0.010072 seconds 
========================================================================
Received Import Request.
  Time since last request: 15.192908 seconds.
  path: Assets/Fungus/Fungus.asmdef
  artifactKey: Guid(007db7f7a4c8f944990d71603a110f82) Importer(815301076,1909f56bfc062723c751e8b465ee728b)
Start importing Assets/Fungus/Fungus.asmdef using Guid(007db7f7a4c8f944990d71603a110f82) Importer(815301076,1909f56bfc062723c751e8b465ee728b)  -> (artifact id: '2f474419ce3a051a765d0d0e280481c5') in 0.007091 seconds 
========================================================================
Received Prepare
Registering precompiled user dll's ...
Registered in 0.002505 seconds.
Begin MonoManager ReloadAssembly
Native extension for WindowsStandalone target not found
Refreshing native plugins compatible for Editor in 0.84 ms, found 2 plugins.
Preloading 0 native plugins for Editor in 0.00 ms.
Mono: successfully reloaded assembly
- Completed reload, in  0.786 seconds
Platform modules already initialized, skipping
Refreshing native plugins compatible for Editor in 0.80 ms, found 2 plugins.
Preloading 0 native plugins for Editor in 0.00 ms.
Unloading 4113 Unused Serialized files (Serialized files now loaded: 0)
System memory in use before: 156.1 MB.
System memory in use after: 156.3 MB.

Unloading 12 unused Assets to reduce memory usage. Loaded Objects now: 4803.
Total: 2.505700 ms (FindLiveObjects: 0.409600 ms CreateObjectMapping: 0.117700 ms MarkObjects: 1.961400 ms  DeleteObjects: 0.016200 ms)

AssetImportWorkerClient::OnTransportError - code=2 error=End of file
