Using pre-set license
Built from '2021.1/china_unity/release' branch; Version is '2021.1.6f1c1 (672c12e81483) revision 6761490'; Using compiler version '192528614'; Build Type 'Release'
OS: 'Windows 10 Pro; OS build 19042.1052; Version 2009; 64bit' Language: 'zh' Physical Memory: 32693 MB
BatchMode: 1, IsHumanControllingUs: 0, StartBugReporterOnCrash: 0, Is64bit: 1, IsPro: 0

 COMMAND LINE ARGUMENTS:
C:\Program Files\Unity\Hub\Editor\2021.1.6f1c1\Editor\Unity.exe
-adb2
-batchMode
-noUpm
-name
AssetImportWorker0
-projectPath
D:/My Workspace/Unity Game/2D game/2D-Game-Dev/RPG demo 6.28
-logFile
Logs/AssetImportWorker0.log
-srvPort
62810
Successfully changed project path to: D:/My Workspace/Unity Game/2D game/2D-Game-Dev/RPG demo 6.28
D:/My Workspace/Unity Game/2D game/2D-Game-Dev/RPG demo 6.28
Using Asset Import Pipeline V2.
Refreshing native plugins compatible for Editor in 81.36 ms, found 1 plugins.
Preloading 0 native plugins for Editor in 0.00 ms.
Initialize engine version: 2021.1.6f1c1 (672c12e81483)
[Subsystems] Discovering subsystems at path C:/Program Files/Unity/Hub/Editor/2021.1.6f1c1/Editor/Data/Resources/UnitySubsystems
[Subsystems] Discovering subsystems at path D:/My Workspace/Unity Game/2D game/2D-Game-Dev/RPG demo 6.28/Assets
GfxDevice: creating device client; threaded=0; jobified=0
Direct3D:
    Version:  Direct3D 11.0 [level 11.1]
    Renderer: NVIDIA GeForce RTX 2060 (ID=0x1e89)
    Vendor:   NVIDIA
    VRAM:     5968 MB
    Driver:   27.21.14.5730
Initialize mono
Mono path[0] = 'C:/Program Files/Unity/Hub/Editor/2021.1.6f1c1/Editor/Data/Managed'
Mono path[1] = 'C:/Program Files/Unity/Hub/Editor/2021.1.6f1c1/Editor/Data/MonoBleedingEdge/lib/mono/unityjit'
Mono config path = 'C:/Program Files/Unity/Hub/Editor/2021.1.6f1c1/Editor/Data/MonoBleedingEdge/etc'
Using monoOptions --debugger-agent=transport=dt_socket,embedding=1,server=y,suspend=n,address=127.0.0.1:56676
Begin MonoManager ReloadAssembly
Registering precompiled unity dll's ...
Register platform support module: C:/Program Files/Unity/Hub/Editor/2021.1.6f1c1/Editor/Data/PlaybackEngines/WindowsStandaloneSupport/UnityEditor.WindowsStandalone.Extensions.dll
Registered in 0.001574 seconds.
Native extension for WindowsStandalone target not found
Refreshing native plugins compatible for Editor in 83.72 ms, found 1 plugins.
Preloading 0 native plugins for Editor in 0.00 ms.
Mono: successfully reloaded assembly
- Completed reload, in  0.899 seconds
Platform modules already initialized, skipping
Registering precompiled user dll's ...
Registered in 0.003983 seconds.
Begin MonoManager ReloadAssembly
Native extension for WindowsStandalone target not found
Refreshing native plugins compatible for Editor in 84.40 ms, found 1 plugins.
Preloading 0 native plugins for Editor in 0.00 ms.
Mono: successfully reloaded assembly
- Completed reload, in  0.989 seconds
Platform modules already initialized, skipping
========================================================================
Worker process is ready to serve import requests
Launched and connected shader compiler UnityShaderCompiler.exe after 0.06 seconds
Refreshing native plugins compatible for Editor in 0.70 ms, found 1 plugins.
Preloading 0 native plugins for Editor in 0.00 ms.
Unloading 3444 Unused Serialized files (Serialized files now loaded: 0)
System memory in use before: 122.8 MB.
System memory in use after: 123.0 MB.

Unloading 14 unused Assets to reduce memory usage. Loaded Objects now: 3896.
Total: 3.973100 ms (FindLiveObjects: 0.904200 ms CreateObjectMapping: 0.126600 ms MarkObjects: 2.838800 ms  DeleteObjects: 0.101800 ms)

========================================================================
Received Import Request.
  path: Assets/_GameStuff/Scenes
  artifactKey: Guid(8dd0dc577d5ce0b40bfea9e3e717427f) Importer(815301076,1909f56bfc062723c751e8b465ee728b)
Start importing Assets/_GameStuff/Scenes using Guid(8dd0dc577d5ce0b40bfea9e3e717427f) Importer(815301076,1909f56bfc062723c751e8b465ee728b)  -> (artifact id: 'd9b57485959bbcec6d662d69a64f597d') in 0.011851 seconds 
========================================================================
Received Import Request.
  Time since last request: 0.000182 seconds.
  path: Assets/_GameStuff/Scenes/4_Chapter1.unity
  artifactKey: Guid(722330d7b953d2d478ccf49c26833387) Importer(815301076,1909f56bfc062723c751e8b465ee728b)
Start importing Assets/_GameStuff/Scenes/4_Chapter1.unity using Guid(722330d7b953d2d478ccf49c26833387) Importer(815301076,1909f56bfc062723c751e8b465ee728b)  -> (artifact id: '7ce6359fd3e11190c429f9ac584b9d74') in 0.013991 seconds 
========================================================================
Received Import Request.
  Time since last request: 0.000207 seconds.
  path: Assets/_GameStuff
  artifactKey: Guid(a863345527982894b8fb2ad66fdb9c1f) Importer(815301076,1909f56bfc062723c751e8b465ee728b)
Start importing Assets/_GameStuff using Guid(a863345527982894b8fb2ad66fdb9c1f) Importer(815301076,1909f56bfc062723c751e8b465ee728b)  -> (artifact id: '2e7199e6976482f90aa964e6fc87fd5d') in 0.004752 seconds 
========================================================================
Received Prepare
Registering precompiled user dll's ...
Registered in 0.002604 seconds.
Begin MonoManager ReloadAssembly
Native extension for WindowsStandalone target not found
Refreshing native plugins compatible for Editor in 0.65 ms, found 1 plugins.
Preloading 0 native plugins for Editor in 0.00 ms.
Mono: successfully reloaded assembly
- Completed reload, in  0.757 seconds
Platform modules already initialized, skipping
Refreshing native plugins compatible for Editor in 0.61 ms, found 1 plugins.
Preloading 0 native plugins for Editor in 0.00 ms.
Unloading 3427 Unused Serialized files (Serialized files now loaded: 0)
System memory in use before: 121.6 MB.
System memory in use after: 121.8 MB.

Unloading 9 unused Assets to reduce memory usage. Loaded Objects now: 3899.
Total: 2.114400 ms (FindLiveObjects: 0.305900 ms CreateObjectMapping: 0.088400 ms MarkObjects: 1.695000 ms  DeleteObjects: 0.024400 ms)

AssetImportWorkerClient::OnTransportError - code=2 error=End of file
